Change Component Designator: Old Designator=C1B New Designator=C?
Change Component Designator: Old Designator=C2B New Designator=C?
Change Component Designator: Old Designator=C3B New Designator=C?
Change Component Designator: Old Designator=C4B New Designator=C?
Change Component Designator: Old Designator=C5B New Designator=C?
Change Component Designator: Old Designator=C6B New Designator=C?
Change Component Designator: Old Designator=C7B New Designator=C?
Change Component Designator: Old Designator=D1B New Designator=D?
Change Component Designator: Old Designator=FB1B New Designator=FB?
Change Component Designator: Old Designator=J1B New Designator=J?
Change Component Designator: Old Designator=Q1B New Designator=Q?
Change Component Designator: Old Designator=Q2B New Designator=Q?
Change Component Designator: Old Designator=R1B New Designator=R?
Change Component Designator: Old Designator=R2B New Designator=R?
Change Component Designator: Old Designator=R3B New Designator=R?
Change Component Designator: Old Designator=R4B New Designator=R?
Change Component Designator: Old Designator=R5B New Designator=R?
Change Component Designator: Old Designator=R6B New Designator=R?
Change Component Designator: Old Designator=U1B New Designator=U?
Change Component Designator: Old Designator=Y1B New Designator=Y?
