Change Component Designator: Old Designator=C3 New Designator=C1B
Change Component Designator: Old Designator=C4 New Designator=C2B
Change Component Designator: Old Designator=C5 New Designator=C3B
Change Component Designator: Old Designator=C6 New Designator=C4B
Change Component Designator: Old Designator=C7 New Designator=C5B
Change Component Designator: Old Designator=C8 New Designator=C6B
Change Component Designator: Old Designator=C9 New Designator=C7B
Change Component Designator: Old Designator=D4 New Designator=D1B
Change Component Designator: Old Designator=F3 New Designator=F1B
Change Component Designator: Old Designator=FB1 New Designator=FB1B
Change Component Designator: Old Designator=J4 New Designator=J1B
Change Component Designator: Old Designator=Q1 New Designator=Q1B
Change Component Designator: Old Designator=Q2 New Designator=Q2B
Change Component Designator: Old Designator=R2 New Designator=R1B
Change Component Designator: Old Designator=R3 New Designator=R2B
Change Component Designator: Old Designator=R4 New Designator=R3B
Change Component Designator: Old Designator=R5 New Designator=R4B
Change Component Designator: Old Designator=R6 New Designator=R5B
Change Component Designator: Old Designator=R7 New Designator=R6B
Change Component Designator: Old Designator=U1 New Designator=U1B
Change Component Designator: Old Designator=Y1 New Designator=Y1B
