Change Component Designator: Old Designator=C? New Designator=C1B
Change Component Designator: Old Designator=C? New Designator=C2B
Change Component Designator: Old Designator=C? New Designator=C3B
Change Component Designator: Old Designator=C? New Designator=C4B
Change Component Designator: Old Designator=C? New Designator=C5B
Change Component Designator: Old Designator=C? New Designator=C6B
Change Component Designator: Old Designator=C? New Designator=C7B
Change Component Designator: Old Designator=D? New Designator=D1B
Change Component Designator: Old Designator=FB? New Designator=FB1B
Change Component Designator: Old Designator=J? New Designator=J1B
Change Component Designator: Old Designator=Q? New Designator=Q1B
Change Component Designator: Old Designator=Q? New Designator=Q2B
Change Component Designator: Old Designator=R? New Designator=R1B
Change Component Designator: Old Designator=R? New Designator=R2B
Change Component Designator: Old Designator=R? New Designator=R3B
Change Component Designator: Old Designator=R? New Designator=R4B
Change Component Designator: Old Designator=R? New Designator=R5B
Change Component Designator: Old Designator=R? New Designator=R6B
Change Component Designator: Old Designator=U? New Designator=U1B
Change Component Designator: Old Designator=Y? New Designator=Y1B
