Change Component Designator: Old Designator=C1A New Designator=C1C
Change Component Designator: Old Designator=C2A New Designator=C2C
Change Component Designator: Old Designator=C3A New Designator=C3C
Change Component Designator: Old Designator=C4A New Designator=C4C
Change Component Designator: Old Designator=C5A New Designator=C5C
Change Component Designator: Old Designator=C6A New Designator=C6C
Change Component Designator: Old Designator=C7A New Designator=C7C
Change Component Designator: Old Designator=D1A New Designator=D1C
Change Component Designator: Old Designator=FB1A New Designator=FB1C
Change Component Designator: Old Designator=J1A New Designator=J1C
Change Component Designator: Old Designator=Q1A New Designator=Q1C
Change Component Designator: Old Designator=Q2A New Designator=Q2C
Change Component Designator: Old Designator=R1A New Designator=R1C
Change Component Designator: Old Designator=R2A New Designator=R2C
Change Component Designator: Old Designator=R3A New Designator=R3C
Change Component Designator: Old Designator=R4A New Designator=R4C
Change Component Designator: Old Designator=R5A New Designator=R5C
Change Component Designator: Old Designator=R6A New Designator=R6C
Change Component Designator: Old Designator=U1A New Designator=U1C
Change Component Designator: Old Designator=Y1A New Designator=Y1C
