Change Component Designator: Old Designator=C? New Designator=C1A
Change Component Designator: Old Designator=C? New Designator=C2A
Change Component Designator: Old Designator=C? New Designator=C3A
Change Component Designator: Old Designator=C? New Designator=C4A
Change Component Designator: Old Designator=C? New Designator=C5A
Change Component Designator: Old Designator=C? New Designator=C6A
Change Component Designator: Old Designator=C? New Designator=C7A
Change Component Designator: Old Designator=D? New Designator=D1A
Change Component Designator: Old Designator=FB? New Designator=FB1A
Change Component Designator: Old Designator=J? New Designator=J1A
Change Component Designator: Old Designator=Q? New Designator=Q1A
Change Component Designator: Old Designator=Q? New Designator=Q2A
Change Component Designator: Old Designator=R? New Designator=R1A
Change Component Designator: Old Designator=R? New Designator=R2A
Change Component Designator: Old Designator=R? New Designator=R3A
Change Component Designator: Old Designator=R? New Designator=R4A
Change Component Designator: Old Designator=R? New Designator=R5A
Change Component Designator: Old Designator=R? New Designator=R6A
Change Component Designator: Old Designator=U? New Designator=U1A
Change Component Designator: Old Designator=Y? New Designator=Y1A
