Removed Member From Class: ClassName=Power Member=NetD1A_2
Removed Member From Class: ClassName=Signal Member=NetD1C_A
Removed Member From Class: ClassName=Signal Member=NetD4A_A
Removed Member From Class: ClassName=Signal Member=NetJ1B_A5
Removed Member From Class: ClassName=Signal Member=NetJ1B_B5
Removed Member From Class: ClassName=Signal Member=NetR2D_1
Change Component Designator: OldDesignator=C1A NewDesignator=C1
Change Component Designator: OldDesignator=C1B NewDesignator=C1A
Change Component Designator: OldDesignator=C1C NewDesignator=C1B
Change Component Designator: OldDesignator=C1D NewDesignator=C1C
Change Component Designator: OldDesignator=C2A NewDesignator=C2
Change Component Designator: OldDesignator=C2B NewDesignator=C2A
Change Component Designator: OldDesignator=C2C NewDesignator=C2B
Change Component Designator: OldDesignator=C2D NewDesignator=C3C
Change Component Designator: OldDesignator=C3B NewDesignator=C3A
Change Component Designator: OldDesignator=C3C NewDesignator=C3B
Change Component Designator: OldDesignator=C3D NewDesignator=C4C
Change Component Designator: OldDesignator=C4B NewDesignator=C4A
Change Component Designator: OldDesignator=C4D NewDesignator=C2C
Change Component Designator: OldDesignator=C5B NewDesignator=C5A
Change Component Designator: OldDesignator=C5D NewDesignator=C5C
Change Component Designator: OldDesignator=C6B NewDesignator=C6A
Change Component Designator: OldDesignator=C7B NewDesignator=C7A
Change Component Designator: OldDesignator=D1A NewDesignator=D1
Change Component Designator: OldDesignator=D1B NewDesignator=D1A
Change Component Designator: OldDesignator=D1C NewDesignator=D1B
Change Component Designator: OldDesignator=D2A NewDesignator=D2
Change Component Designator: OldDesignator=D3A NewDesignator=D3
Change Component Designator: OldDesignator=D4A NewDesignator=D4
Change Component Designator: OldDesignator=F1A NewDesignator=F1
Change Component Designator: OldDesignator=F1C NewDesignator=F1B
Change Component Designator: OldDesignator=F2A NewDesignator=F2
Change Component Designator: OldDesignator=FB1B NewDesignator=FB1A
Change Component Designator: OldDesignator=H1A NewDesignator=H1
Change Component Designator: OldDesignator=H2A NewDesignator=H2
Change Component Designator: OldDesignator=H3A NewDesignator=H3
Change Component Designator: OldDesignator=H4A NewDesignator=H4
Change Component Designator: OldDesignator=J1A NewDesignator=J1
Change Component Designator: OldDesignator=J1B NewDesignator=J1A
Change Component Designator: OldDesignator=J2A NewDesignator=J2
Change Component Designator: OldDesignator=J3A NewDesignator=J3
Change Component Designator: OldDesignator=JP1D NewDesignator=JP1C
Change Component Designator: OldDesignator=MOD1D NewDesignator=MOD1C
Change Component Designator: OldDesignator=Q1B NewDesignator=Q1A
Change Component Designator: OldDesignator=Q2B NewDesignator=Q2A
Change Component Designator: OldDesignator=R1A NewDesignator=R1
Change Component Designator: OldDesignator=R1B NewDesignator=R1A
Change Component Designator: OldDesignator=R1C NewDesignator=R1B
Change Component Designator: OldDesignator=R1D NewDesignator=R1C
Change Component Designator: OldDesignator=R2B NewDesignator=R2A
Change Component Designator: OldDesignator=R2C NewDesignator=R2B
Change Component Designator: OldDesignator=R2D NewDesignator=R2C
Change Component Designator: OldDesignator=R3B NewDesignator=R3A
Change Component Designator: OldDesignator=R3C NewDesignator=R3B
Change Component Designator: OldDesignator=R3D NewDesignator=R3C
Change Component Designator: OldDesignator=R4B NewDesignator=R4A
Change Component Designator: OldDesignator=R4D NewDesignator=R4C
Change Component Designator: OldDesignator=R5B NewDesignator=R5A
Change Component Designator: OldDesignator=R6B NewDesignator=R6A
Change Component Designator: OldDesignator=SW1D NewDesignator=SW1C
Change Component Designator: OldDesignator=SW2D NewDesignator=SW2C
Change Component Designator: OldDesignator=U1B NewDesignator=U1A
Change Component Designator: OldDesignator=U1C NewDesignator=U1B
Change Component Designator: OldDesignator=U1D NewDesignator=U1C
Change Component Designator: OldDesignator=Y1B NewDesignator=Y1A
Change Net Name : Old Net Name=NetC6B_2 New Net Name=NetC6A_2
Change Net Name : Old Net Name=NetD1A_2 New Net Name=NetD1_2
Change Net Name : Old Net Name=NetD1C_A New Net Name=NetD1B_A
Change Net Name : Old Net Name=NetD3A_2 New Net Name=NetD3_2
Change Net Name : Old Net Name=NetD4A_A New Net Name=NetD4_A
Change Net Name : Old Net Name=NetJ1B_A5 New Net Name=NetJ1A_A5
Change Net Name : Old Net Name=NetJ1B_B5 New Net Name=NetJ1A_B5
Change Net Name : Old Net Name=NetJP1D_1 New Net Name=NetJP1C_1
Change Net Name : Old Net Name=NetQ1B_1 New Net Name=NetQ1A_1
Change Net Name : Old Net Name=NetQ2B_1 New Net Name=NetQ2A_1
Change Net Name : Old Net Name=NetR2D_1 New Net Name=NetR2C_1
Change Class Name : Old Net Name=1_Input New Net Name=2_Input
Change Class Name : Old Net Name=2_LDO New Net Name=3_LDO
Change Class Name : Old Net Name=3_USB New Net Name=4_USB
Change Class Name : Old Net Name=4_ESP_01 New Net Name=5_ESP_01
Added Member To Class: ClassName=5_ESP_01 Member=Component C2C 100uF
Added Member To Class: ClassName=5_ESP_01 Member=Component C3C 0.1uf
Added Member To Class: ClassName=Power Member=Wire NetD1_2
Added Member To Class: ClassName=Signal Member=Wire NetD1B_A
Added Member To Class: ClassName=Signal Member=Wire NetD4_A
Added Member To Class: ClassName=Signal Member=Wire NetJ1A_A5
Added Member To Class: ClassName=Signal Member=Wire NetJ1A_B5
Added Member To Class: ClassName=Signal Member=Wire NetR2C_1
Change Room Name: Old Name=3_USB New Name=4_USB
Change Room Scope: Old Scope=InComponentClass('3_USB') New Scope=InComponentClass('4_USB')
Change Room Name: Old Name=4_ESP_01 New Name=5_ESP_01
Change Room Scope: Old Scope=InComponentClass('4_ESP_01') New Scope=InComponentClass('5_ESP_01')
Added Room: Name=2_Input
Added Room: Name=3_LDO
