Removed Member From Class: ClassName=4_USB Member=C1
Removed Member From Class: ClassName=5_ESP_01 Member=C2B
Removed Member From Class: ClassName=4_USB Member=C2
Removed Member From Class: ClassName=5_ESP_01 Member=C3B
Removed Member From Class: ClassName=4_USB Member=D1
Removed Member From Class: ClassName=5_ESP_01 Member=R1B
Removed Member From Class: ClassName=4_USB Member=R1
Removed Member From Class: ClassName=5_ESP_01 Member=R2B
Removed Member From Class: ClassName=5_ESP_01 Member=R3B
Removed Member From Class: ClassName=3_LDO Member=U1A
Removed Member From Class: ClassName=Power Member=NetD1_2
Removed Member From Class: ClassName=Signal Member=NetD4_A
Removed Member From Class: ClassName=Signal Member=NetJ1A_A5
Removed Member From Class: ClassName=Signal Member=NetJ1A_B5
Removed Member From Class: ClassName=Signal Member=NetR2C_1
Change Component Designator: OldDesignator=C1 NewDesignator=C1A
Change Component Designator: OldDesignator=C1A NewDesignator=C1C
Change Component Designator: OldDesignator=C1C NewDesignator=C1D
Change Component Designator: OldDesignator=C2 NewDesignator=C2A
Change Component Designator: OldDesignator=C2A NewDesignator=C2C
Change Component Designator: OldDesignator=C2C NewDesignator=C2D
Change Component Designator: OldDesignator=C3A NewDesignator=C3C
Change Component Designator: OldDesignator=C3C NewDesignator=C3D
Change Component Designator: OldDesignator=C4A NewDesignator=C4C
Change Component Designator: OldDesignator=C4C NewDesignator=C4D
Change Component Designator: OldDesignator=C5A NewDesignator=C5C
Change Component Designator: OldDesignator=C5C NewDesignator=C5D
Change Component Designator: OldDesignator=C6A NewDesignator=C6C
Change Component Designator: OldDesignator=C7A NewDesignator=C7C
Change Component Designator: OldDesignator=D1 NewDesignator=D1A
Change Component Designator: OldDesignator=D1A NewDesignator=D1C
Change Component Designator: OldDesignator=D2 NewDesignator=D2A
Change Component Designator: OldDesignator=D3 NewDesignator=D3A
Change Component Designator: OldDesignator=D4 NewDesignator=D4A
Change Component Designator: OldDesignator=F1 NewDesignator=F1A
Change Component Designator: OldDesignator=F2 NewDesignator=F2A
Change Component Designator: OldDesignator=FB1A NewDesignator=FB1C
Change Component Designator: OldDesignator=H1 NewDesignator=H1A
Change Component Designator: OldDesignator=H2 NewDesignator=H2A
Change Component Designator: OldDesignator=H3 NewDesignator=H3A
Change Component Designator: OldDesignator=H4 NewDesignator=H4A
Change Component Designator: OldDesignator=J1 NewDesignator=J1A
Change Component Designator: OldDesignator=J1A NewDesignator=J1C
Change Component Designator: OldDesignator=J2 NewDesignator=J2A
Change Component Designator: OldDesignator=J3 NewDesignator=J3A
Change Component Designator: OldDesignator=JP1C NewDesignator=JP1D
Change Component Designator: OldDesignator=MOD1C NewDesignator=MOD1D
Change Component Designator: OldDesignator=Q1A NewDesignator=Q1C
Change Component Designator: OldDesignator=Q2A NewDesignator=Q2C
Change Component Designator: OldDesignator=R1 NewDesignator=R1A
Change Component Designator: OldDesignator=R1A NewDesignator=R1C
Change Component Designator: OldDesignator=R1C NewDesignator=R1D
Change Component Designator: OldDesignator=R2A NewDesignator=R2C
Change Component Designator: OldDesignator=R2C NewDesignator=R2D
Change Component Designator: OldDesignator=R3A NewDesignator=R3C
Change Component Designator: OldDesignator=R3C NewDesignator=R3D
Change Component Designator: OldDesignator=R4A NewDesignator=R4C
Change Component Designator: OldDesignator=R4C NewDesignator=R4D
Change Component Designator: OldDesignator=R5A NewDesignator=R5C
Change Component Designator: OldDesignator=R6A NewDesignator=R6C
Change Component Designator: OldDesignator=SW1C NewDesignator=SW1D
Change Component Designator: OldDesignator=SW2C NewDesignator=SW2D
Change Component Designator: OldDesignator=U1A NewDesignator=U1C
Change Component Designator: OldDesignator=U1C NewDesignator=U1D
Change Component Designator: OldDesignator=Y1A NewDesignator=Y1C
Change Net Name : Old Net Name=NetC6A_2 New Net Name=NetC6C_2
Change Net Name : Old Net Name=NetD1_2 New Net Name=NetD1A_2
Change Net Name : Old Net Name=NetD3_2 New Net Name=NetD3A_2
Change Net Name : Old Net Name=NetD4_A New Net Name=NetD4A_A
Change Net Name : Old Net Name=NetJ1A_A5 New Net Name=NetJ1C_A5
Change Net Name : Old Net Name=NetJ1A_B5 New Net Name=NetJ1C_B5
Change Net Name : Old Net Name=NetJP1C_1 New Net Name=NetJP1D_1
Change Net Name : Old Net Name=NetQ1A_1 New Net Name=NetQ1C_1
Change Net Name : Old Net Name=NetQ2A_1 New Net Name=NetQ2C_1
Change Net Name : Old Net Name=NetR2C_1 New Net Name=NetR2D_1
Added Member To Class: ClassName=4_USB Member=Component C1C 10nF
Added Member To Class: ClassName=4_USB Member=Component C2C 100nf
Added Member To Class: ClassName=5_ESP_01 Member=Component C2D 100uF
Added Member To Class: ClassName=5_ESP_01 Member=Component C3D 0.1uf
Added Member To Class: ClassName=4_USB Member=Component D1C SRV05-4.TCT
Added Member To Class: ClassName=4_USB Member=Component R1C 5.1K
Added Member To Class: ClassName=5_ESP_01 Member=Component R1D 12K
Added Member To Class: ClassName=5_ESP_01 Member=Component R2D 470R
Added Member To Class: ClassName=5_ESP_01 Member=Component R3D 12K
Added Member To Class: ClassName=3_LDO Member=Component U1B ams1117
Added Member To Class: ClassName=Power Member=Wire NetD1A_2
Added Member To Class: ClassName=Signal Member=Wire NetD4A_A
Added Member To Class: ClassName=Signal Member=Wire NetJ1C_A5
Added Member To Class: ClassName=Signal Member=Wire NetJ1C_B5
Added Member To Class: ClassName=Signal Member=Wire NetR2D_1
